<?xml version="1.0" encoding="UTF-8"?>
<!-- Generated by org.testng.reporters.JUnitXMLReporter -->
<testsuite ignored="0" hostname="DESKTOP-ULI9I7L" failures="0" tests="3" name="Default test" time="115.485" errors="0" timestamp="2022-08-22T09:10:05 PDT">
  <testcase classname="homePage.ourMenu" name="beverage" time="44.039"/>
  <testcase classname="homePage.ourMenu" name="nonvegpizza" time="36.298"/>
  <testcase classname="homePage.ourMenu" name="vegpizza" time="35.026"/>
</testsuite> <!-- Default test -->
